[20:42:50] [Server thread/INFO]: Starting minecraft server version 1.8.8
[20:42:50] [Server thread/WARN]: To start the server with more ram, launch it as "java -Xmx1024M -Xms1024M -jar minecraft_server.jar"
[20:42:50] [Server thread/INFO]: Loading properties
[20:42:50] [Server thread/INFO]: Default game type: SURVIVAL
[20:42:50] [Server thread/INFO]: This server is running CraftBukkit version git-Spigot-db6de12-18fbb24 (MC: 1.8.8) (Implementing API version 1.8.8-R0.1-SNAPSHOT)
[20:42:50] [Server thread/INFO]: Debug logging is disabled
[20:42:50] [Server thread/INFO]: Server Ping Player Sample Count: 12
[20:42:50] [Server thread/INFO]: Using 4 threads for Netty based IO
[20:42:50] [Server thread/INFO]: Generating keypair
[20:42:51] [Server thread/INFO]: Starting Minecraft server on *:25565
[20:42:51] [Server thread/INFO]: Using default channel type
[20:42:51] [Server thread/INFO]: Set PluginClassLoader as parallel capable
[20:42:51] [Server thread/INFO]: [BalloonSystem] Loading BalloonSystem v1.0
[20:42:51] [Server thread/INFO]: [Testings] Loading Testings v1.0-SNAPSHOT
[20:42:51] [Server thread/INFO]: **** Beginning UUID conversion, this may take A LONG time ****
[20:42:51] [Server thread/INFO]: Preparing level "world"
[20:42:51] [Server thread/INFO]: -------- World Settings For [world] --------
[20:42:51] [Server thread/INFO]: Item Merge Radius: 2.5
[20:42:51] [Server thread/INFO]: Item Despawn Rate: 6000
[20:42:51] [Server thread/INFO]: Allow Zombie Pigmen to spawn from portal blocks: true
[20:42:51] [Server thread/INFO]: Arrow Despawn Rate: 1200
[20:42:51] [Server thread/INFO]: View Distance: 10
[20:42:51] [Server thread/INFO]: Zombie Aggressive Towards Villager: true
[20:42:51] [Server thread/INFO]: Anti X-Ray: true
[20:42:51] [Server thread/INFO]: 	Engine Mode: 1
[20:42:51] [Server thread/INFO]: 	Hidden Blocks: [14, 15, 16, 21, 48, 49, 54, 56, 73, 74, 82, 129, 130]
[20:42:51] [Server thread/INFO]: 	Replace Blocks: [1, 5]
[20:42:51] [Server thread/INFO]: Hopper Transfer: 8 Hopper Check: 1 Hopper Amount: 1
[20:42:51] [Server thread/INFO]: Nerfing mobs spawned from spawners: false
[20:42:51] [Server thread/INFO]: Mob Spawn Range: 6
[20:42:51] [Server thread/INFO]: Cactus Growth Modifier: 100%
[20:42:51] [Server thread/INFO]: Cane Growth Modifier: 100%
[20:42:51] [Server thread/INFO]: Melon Growth Modifier: 100%
[20:42:51] [Server thread/INFO]: Mushroom Growth Modifier: 100%
[20:42:51] [Server thread/INFO]: Pumpkin Growth Modifier: 100%
[20:42:51] [Server thread/INFO]: Sapling Growth Modifier: 100%
[20:42:51] [Server thread/INFO]: Wheat Growth Modifier: 100%
[20:42:51] [Server thread/INFO]: NetherWart Growth Modifier: 100%
[20:42:51] [Server thread/INFO]: Sending up to 5 chunks per packet
[20:42:51] [Server thread/INFO]: Random Lighting Updates: false
[20:42:51] [Server thread/INFO]: Entity Tracking Range: Pl 48 / An 48 / Mo 48 / Mi 32 / Other 64
[20:42:51] [Server thread/INFO]: Entity Activation Range: An 32 / Mo 32 / Mi 16
[20:42:51] [Server thread/INFO]: Structure Info Saving: true
[20:42:51] [Server thread/INFO]: Max TNT Explosions: 100
[20:42:51] [Server thread/INFO]: Tile Max Tick Time: 50ms Entity max Tick Time: 50ms
[20:42:51] [Server thread/INFO]: Custom Map Seeds:  Village: 10387312 Feature: 14357617
[20:42:51] [Server thread/INFO]: Max Entity Collisions: 8
[20:42:51] [Server thread/INFO]: Chunks to Grow per Tick: 650
[20:42:51] [Server thread/INFO]: Clear tick list: false
[20:42:51] [Server thread/INFO]: Experience Merge Radius: 3.0
[20:42:51] [Server thread/INFO]: Preparing start region for level 0 (Seed: -4026398145808474078)
[20:42:52] [Server thread/INFO]: Preparing spawn area: 73%
[20:42:52] [Server thread/INFO]: [BalloonSystem] Enabling BalloonSystem v1.0
[20:42:52] [Server thread/INFO]: [Testings] Enabling Testings v1.0-SNAPSHOT
[20:42:52] [Server thread/INFO]: Server permissions file permissions.yml is empty, ignoring it
[20:42:52] [Server thread/INFO]: Done (1,445s)! For help, type "help" or "?"
[20:42:55] [User Authenticator #1/INFO]: UUID of player Arjona is d58ef82d-16e9-45e0-b08a-fb73ab62feaf
[20:42:55] [Server thread/INFO]: Arjona[/127.0.0.1:65485] logged in with entity id 311 at ([world]184.96366619251688, 97.0, 227.75784914681307)
[20:42:56] [Server thread/INFO]: Arjona issued server command: /gamemode 1
[20:42:56] [Server thread/INFO]: [Arjona: Set own game mode to Creative Mode]
[20:42:57] [Server thread/INFO]: Arjona issued server command: /balloon
